[2025-12-31T19:09:21.519036+00:00] Initializing session...
[2025-12-31T19:09:21.519182+00:00] Checking services...
[2025-12-31T19:09:21.525504+00:00] ✅ QueenBee: healthy
[2025-12-31T19:09:21.527998+00:00] ✅ Bee-1: healthy
[2025-12-31T19:09:21.528060+00:00] All services online. Starting inference loop...
[2025-12-31T19:09:21.528082+00:00] Session log: /home/ai/swarm-genesis/logs/session_20251231_190921.log
[2025-12-31T19:09:21.528130+00:00] Starting job processing loop...
[2025-12-31T19:09:21.528164+00:00] 📋 Processing job: live-20251231-00001
[2025-12-31T19:11:58.265260+00:00] ✅ Job live-20251231-00001 completed in 156736ms
[2025-12-31T19:11:58.265375+00:00]    Report: live-20251231-00001_report.html
[2025-12-31T19:11:58.265446+00:00]    Confidence: 70%
[2025-12-31T19:11:59.266782+00:00] 📋 Processing job: live-20251231-00002
[2025-12-31T19:14:22.651096+00:00] ✅ Job live-20251231-00002 completed in 143383ms
[2025-12-31T19:14:22.651198+00:00]    Report: live-20251231-00002_report.html
[2025-12-31T19:14:22.651258+00:00]    Confidence: 62%
[2025-12-31T19:14:23.652516+00:00] 📋 Processing job: live-20251231-00003
[2025-12-31T19:16:24.857191+00:00] ✅ Job live-20251231-00003 completed in 121203ms
[2025-12-31T19:16:24.857293+00:00]    Report: live-20251231-00003_report.html
[2025-12-31T19:16:24.857349+00:00]    Confidence: 70%
[2025-12-31T19:16:25.858642+00:00] 📋 Processing job: live-20251231-00004
[2025-12-31T19:18:23.709398+00:00] ✅ Job live-20251231-00004 completed in 117849ms
[2025-12-31T19:18:23.709508+00:00]    Report: live-20251231-00004_report.html
[2025-12-31T19:18:23.709568+00:00]    Confidence: 64%
[2025-12-31T19:18:24.710791+00:00] 📋 Processing job: live-20251231-00005
[2025-12-31T19:20:23.034949+00:00] ✅ Job live-20251231-00005 completed in 118323ms
[2025-12-31T19:20:23.035045+00:00]    Report: live-20251231-00005_report.html
[2025-12-31T19:20:23.035100+00:00]    Confidence: 62%
[2025-12-31T19:20:24.036347+00:00] 📋 Processing job: live-20251231-00006
[2025-12-31T19:23:00.828621+00:00] ✅ Job live-20251231-00006 completed in 156791ms
[2025-12-31T19:23:00.828723+00:00]    Report: live-20251231-00006_report.html
[2025-12-31T19:23:00.828781+00:00]    Confidence: 70%
[2025-12-31T19:23:01.830055+00:00] 📋 Processing job: live-20251231-00007
[2025-12-31T19:25:35.211368+00:00] ✅ Job live-20251231-00007 completed in 153380ms
[2025-12-31T19:25:35.211417+00:00]    Report: live-20251231-00007_report.html
[2025-12-31T19:25:35.211434+00:00]    Confidence: 58%
[2025-12-31T19:25:36.212595+00:00] 📋 Processing job: live-20251231-00008
[2025-12-31T19:27:36.440991+00:00] ✅ Job live-20251231-00008 completed in 120227ms
[2025-12-31T19:27:36.441029+00:00]    Report: live-20251231-00008_report.html
[2025-12-31T19:27:36.441047+00:00]    Confidence: 70%
[2025-12-31T19:27:37.442273+00:00] 📋 Processing job: live-20251231-00009
[2025-12-31T19:29:31.331261+00:00] ✅ Job live-20251231-00009 completed in 113888ms
[2025-12-31T19:29:31.331358+00:00]    Report: live-20251231-00009_report.html
[2025-12-31T19:29:31.331424+00:00]    Confidence: 60%
[2025-12-31T19:29:32.332578+00:00] 📋 Processing job: live-20251231-00010
[2025-12-31T19:31:25.085741+00:00] ✅ Job live-20251231-00010 completed in 112752ms
[2025-12-31T19:31:25.085817+00:00]    Report: live-20251231-00010_report.html
[2025-12-31T19:31:25.085859+00:00]    Confidence: 68%
[2025-12-31T19:31:26.087142+00:00] 📋 Processing job: live-20251231-00011
[2025-12-31T19:34:02.628610+00:00] ✅ Job live-20251231-00011 completed in 156540ms
[2025-12-31T19:34:02.628711+00:00]    Report: live-20251231-00011_report.html
[2025-12-31T19:34:02.628767+00:00]    Confidence: 70%
[2025-12-31T19:34:03.630042+00:00] 📋 Processing job: live-20251231-00012
[2025-12-31T19:36:27.249841+00:00] ✅ Job live-20251231-00012 completed in 143619ms
[2025-12-31T19:36:27.249951+00:00]    Report: live-20251231-00012_report.html
[2025-12-31T19:36:27.250006+00:00]    Confidence: 62%
[2025-12-31T19:36:28.251294+00:00] 📋 Processing job: live-20251231-00013
[2025-12-31T19:38:27.615913+00:00] ✅ Job live-20251231-00013 completed in 119363ms
[2025-12-31T19:38:27.616028+00:00]    Report: live-20251231-00013_report.html
[2025-12-31T19:38:27.616088+00:00]    Confidence: 70%
[2025-12-31T19:38:28.617442+00:00] 📋 Processing job: live-20251231-00014
[2025-12-31T19:40:26.896057+00:00] ✅ Job live-20251231-00014 completed in 118277ms
[2025-12-31T19:40:26.896151+00:00]    Report: live-20251231-00014_report.html
[2025-12-31T19:40:26.896204+00:00]    Confidence: 59%
[2025-12-31T19:40:27.897552+00:00] 📋 Processing job: live-20251231-00015
[2025-12-31T19:42:25.495169+00:00] ✅ Job live-20251231-00015 completed in 117596ms
[2025-12-31T19:42:25.495273+00:00]    Report: live-20251231-00015_report.html
[2025-12-31T19:42:25.495332+00:00]    Confidence: 64%
[2025-12-31T19:42:26.496591+00:00] 📋 Processing job: live-20251231-00016
[2025-12-31T19:45:03.315780+00:00] ✅ Job live-20251231-00016 completed in 156818ms
[2025-12-31T19:45:03.315885+00:00]    Report: live-20251231-00016_report.html
[2025-12-31T19:45:03.315943+00:00]    Confidence: 70%
[2025-12-31T19:45:04.317221+00:00] 📋 Processing job: live-20251231-00017
[2025-12-31T19:47:34.120986+00:00] ✅ Job live-20251231-00017 completed in 149802ms
[2025-12-31T19:47:34.121084+00:00]    Report: live-20251231-00017_report.html
[2025-12-31T19:47:34.121135+00:00]    Confidence: 62%
[2025-12-31T19:47:35.122446+00:00] 📋 Processing job: live-20251231-00018
[2025-12-31T19:49:36.125790+00:00] ✅ Job live-20251231-00018 completed in 121002ms
[2025-12-31T19:49:36.125892+00:00]    Report: live-20251231-00018_report.html
[2025-12-31T19:49:36.125949+00:00]    Confidence: 70%
[2025-12-31T19:49:37.127221+00:00] 📋 Processing job: live-20251231-00019
[2025-12-31T19:51:38.191828+00:00] ✅ Job live-20251231-00019 completed in 121063ms
[2025-12-31T19:51:38.191933+00:00]    Report: live-20251231-00019_report.html
[2025-12-31T19:51:38.191991+00:00]    Confidence: 59%
[2025-12-31T19:51:39.193299+00:00] 📋 Processing job: live-20251231-00020
[2025-12-31T19:53:40.440100+00:00] ✅ Job live-20251231-00020 completed in 121246ms
[2025-12-31T19:53:40.440156+00:00]    Report: live-20251231-00020_report.html
[2025-12-31T19:53:40.440185+00:00]    Confidence: 60%
[2025-12-31T19:53:41.441358+00:00] 📋 Processing job: live-20251231-00021
[2025-12-31T19:56:17.640310+00:00] ✅ Job live-20251231-00021 completed in 156198ms
[2025-12-31T19:56:17.640418+00:00]    Report: live-20251231-00021_report.html
[2025-12-31T19:56:17.640473+00:00]    Confidence: 70%
[2025-12-31T19:56:18.641728+00:00] 📋 Processing job: live-20251231-00022
[2025-12-31T19:58:42.688891+00:00] ✅ Job live-20251231-00022 completed in 144046ms
[2025-12-31T19:58:42.688992+00:00]    Report: live-20251231-00022_report.html
[2025-12-31T19:58:42.689049+00:00]    Confidence: 66%
[2025-12-31T19:58:43.690317+00:00] 📋 Processing job: live-20251231-00023
[2025-12-31T20:00:43.724852+00:00] ✅ Job live-20251231-00023 completed in 120033ms
[2025-12-31T20:00:43.724950+00:00]    Report: live-20251231-00023_report.html
[2025-12-31T20:00:43.725004+00:00]    Confidence: 70%
[2025-12-31T20:00:44.726320+00:00] 📋 Processing job: live-20251231-00024
[2025-12-31T20:02:41.205625+00:00] ✅ Job live-20251231-00024 completed in 116478ms
[2025-12-31T20:02:41.205661+00:00]    Report: live-20251231-00024_report.html
[2025-12-31T20:02:41.205679+00:00]    Confidence: 59%
[2025-12-31T20:02:42.206023+00:00] 📋 Processing job: live-20251231-00025
[2025-12-31T20:04:41.507386+00:00] ✅ Job live-20251231-00025 completed in 119300ms
[2025-12-31T20:04:41.507497+00:00]    Report: live-20251231-00025_report.html
[2025-12-31T20:04:41.507554+00:00]    Confidence: 62%
[2025-12-31T20:04:42.508866+00:00] 📋 Processing job: live-20251231-00026
[2025-12-31T20:07:19.232834+00:00] ✅ Job live-20251231-00026 completed in 156723ms
[2025-12-31T20:07:19.232933+00:00]    Report: live-20251231-00026_report.html
[2025-12-31T20:07:19.232993+00:00]    Confidence: 70%
[2025-12-31T20:07:20.234263+00:00] 📋 Processing job: live-20251231-00027
[2025-12-31T20:09:33.171575+00:00] ✅ Job live-20251231-00027 completed in 132936ms
[2025-12-31T20:09:33.171681+00:00]    Report: live-20251231-00027_report.html
[2025-12-31T20:09:33.171737+00:00]    Confidence: 62%
[2025-12-31T20:09:34.172944+00:00] 📋 Processing job: live-20251231-00028
[2025-12-31T20:11:33.529643+00:00] ✅ Job live-20251231-00028 completed in 119355ms
[2025-12-31T20:11:33.529741+00:00]    Report: live-20251231-00028_report.html
[2025-12-31T20:11:33.529796+00:00]    Confidence: 70%
[2025-12-31T20:11:34.531030+00:00] 📋 Processing job: live-20251231-00029
[2025-12-31T20:13:32.331517+00:00] ✅ Job live-20251231-00029 completed in 117799ms
[2025-12-31T20:13:32.331596+00:00]    Report: live-20251231-00029_report.html
[2025-12-31T20:13:32.331641+00:00]    Confidence: 59%
[2025-12-31T20:13:33.332913+00:00] 📋 Processing job: live-20251231-00030
[2025-12-31T20:15:29.685017+00:00] ✅ Job live-20251231-00030 completed in 116351ms
[2025-12-31T20:15:29.685116+00:00]    Report: live-20251231-00030_report.html
[2025-12-31T20:15:29.685171+00:00]    Confidence: 64%
[2025-12-31T20:15:30.686413+00:00] 📋 Processing job: live-20251231-00031
[2025-12-31T20:18:06.894860+00:00] ✅ Job live-20251231-00031 completed in 156207ms
[2025-12-31T20:18:06.894966+00:00]    Report: live-20251231-00031_report.html
[2025-12-31T20:18:06.895024+00:00]    Confidence: 70%
[2025-12-31T20:18:07.896267+00:00] 📋 Processing job: live-20251231-00032
[2025-12-31T20:20:43.144684+00:00] ✅ Job live-20251231-00032 completed in 155247ms
[2025-12-31T20:20:43.144784+00:00]    Report: live-20251231-00032_report.html
[2025-12-31T20:20:43.144839+00:00]    Confidence: 60%
[2025-12-31T20:20:44.146164+00:00] 📋 Processing job: live-20251231-00033
[2025-12-31T20:22:44.646452+00:00] ✅ Job live-20251231-00033 completed in 120499ms
[2025-12-31T20:22:44.646558+00:00]    Report: live-20251231-00033_report.html
[2025-12-31T20:22:44.646619+00:00]    Confidence: 70%
[2025-12-31T20:22:45.647940+00:00] 📋 Processing job: live-20251231-00034
[2025-12-31T20:25:00.983541+00:00] ✅ Job live-20251231-00034 completed in 135334ms
[2025-12-31T20:25:00.983626+00:00]    Report: live-20251231-00034_report.html
[2025-12-31T20:25:00.983674+00:00]    Confidence: 56%
[2025-12-31T20:25:01.984883+00:00] 📋 Processing job: live-20251231-00035
[2025-12-31T20:26:55.184673+00:00] ✅ Job live-20251231-00035 completed in 113199ms
[2025-12-31T20:26:55.184771+00:00]    Report: live-20251231-00035_report.html
[2025-12-31T20:26:55.184825+00:00]    Confidence: 66%
[2025-12-31T20:26:56.186048+00:00] 📋 Processing job: live-20251231-00036
[2025-12-31T20:29:31.521003+00:00] ✅ Job live-20251231-00036 completed in 155334ms
[2025-12-31T20:29:31.521102+00:00]    Report: live-20251231-00036_report.html
[2025-12-31T20:29:31.521160+00:00]    Confidence: 70%
[2025-12-31T20:29:32.522386+00:00] 📋 Processing job: live-20251231-00037
[2025-12-31T20:32:11.773620+00:00] ✅ Job live-20251231-00037 completed in 159250ms
[2025-12-31T20:32:11.773722+00:00]    Report: live-20251231-00037_report.html
[2025-12-31T20:32:11.773780+00:00]    Confidence: 62%
[2025-12-31T20:32:12.775072+00:00] 📋 Processing job: live-20251231-00038
[2025-12-31T20:34:11.647852+00:00] ✅ Job live-20251231-00038 completed in 118871ms
[2025-12-31T20:34:11.647954+00:00]    Report: live-20251231-00038_report.html
[2025-12-31T20:34:11.648009+00:00]    Confidence: 70%
[2025-12-31T20:34:12.649229+00:00] 📋 Processing job: live-20251231-00039
[2025-12-31T20:36:14.530075+00:00] ✅ Job live-20251231-00039 completed in 121880ms
[2025-12-31T20:36:14.530174+00:00]    Report: live-20251231-00039_report.html
[2025-12-31T20:36:14.530230+00:00]    Confidence: 60%
[2025-12-31T20:36:15.531500+00:00] 📋 Processing job: live-20251231-00040
[2025-12-31T20:38:09.401377+00:00] ✅ Job live-20251231-00040 completed in 113869ms
[2025-12-31T20:38:09.401490+00:00]    Report: live-20251231-00040_report.html
[2025-12-31T20:38:09.401546+00:00]    Confidence: 66%
[2025-12-31T20:38:10.402867+00:00] 📋 Processing job: live-20251231-00041
[2025-12-31T20:40:45.383456+00:00] ✅ Job live-20251231-00041 completed in 154979ms
[2025-12-31T20:40:45.383564+00:00]    Report: live-20251231-00041_report.html
[2025-12-31T20:40:45.383619+00:00]    Confidence: 70%
[2025-12-31T20:40:46.384907+00:00] 📋 Processing job: live-20251231-00042
[2025-12-31T20:43:01.597311+00:00] ✅ Job live-20251231-00042 completed in 135211ms
[2025-12-31T20:43:01.597426+00:00]    Report: live-20251231-00042_report.html
[2025-12-31T20:43:01.597483+00:00]    Confidence: 66%
[2025-12-31T20:43:02.598758+00:00] 📋 Processing job: live-20251231-00043
[2025-12-31T20:45:01.812937+00:00] ✅ Job live-20251231-00043 completed in 119213ms
[2025-12-31T20:45:01.813038+00:00]    Report: live-20251231-00043_report.html
[2025-12-31T20:45:01.813093+00:00]    Confidence: 70%
[2025-12-31T20:45:02.814416+00:00] 📋 Processing job: live-20251231-00044
[2025-12-31T20:47:04.256467+00:00] ✅ Job live-20251231-00044 completed in 121441ms
[2025-12-31T20:47:04.256583+00:00]    Report: live-20251231-00044_report.html
[2025-12-31T20:47:04.256640+00:00]    Confidence: 59%
[2025-12-31T20:47:05.257931+00:00] 📋 Processing job: live-20251231-00045
[2025-12-31T20:49:09.724858+00:00] ✅ Job live-20251231-00045 completed in 124466ms
[2025-12-31T20:49:09.724957+00:00]    Report: live-20251231-00045_report.html
[2025-12-31T20:49:09.725011+00:00]    Confidence: 62%
[2025-12-31T20:49:10.726280+00:00] 📋 Processing job: live-20251231-00046
[2025-12-31T20:51:46.304953+00:00] ✅ Job live-20251231-00046 completed in 155577ms
[2025-12-31T20:51:46.305057+00:00]    Report: live-20251231-00046_report.html
[2025-12-31T20:51:46.305112+00:00]    Confidence: 70%
[2025-12-31T20:51:47.306377+00:00] 📋 Processing job: live-20251231-00047
[2025-12-31T20:54:23.347037+00:00] ✅ Job live-20251231-00047 completed in 156039ms
[2025-12-31T20:54:23.347132+00:00]    Report: live-20251231-00047_report.html
[2025-12-31T20:54:23.347188+00:00]    Confidence: 60%
[2025-12-31T20:54:24.348444+00:00] 📋 Processing job: live-20251231-00048
[2025-12-31T20:56:23.369603+00:00] ✅ Job live-20251231-00048 completed in 119020ms
[2025-12-31T20:56:23.369708+00:00]    Report: live-20251231-00048_report.html
[2025-12-31T20:56:23.369767+00:00]    Confidence: 70%
[2025-12-31T20:56:24.371001+00:00] 📋 Processing job: live-20251231-00049
[2025-12-31T20:58:21.936573+00:00] ✅ Job live-20251231-00049 completed in 117564ms
[2025-12-31T20:58:21.936676+00:00]    Report: live-20251231-00049_report.html
[2025-12-31T20:58:21.936731+00:00]    Confidence: 63%
[2025-12-31T20:58:22.937999+00:00] 📋 Processing job: live-20251231-00050
[2025-12-31T21:00:26.708530+00:00] ✅ Job live-20251231-00050 completed in 123769ms
[2025-12-31T21:00:26.708627+00:00]    Report: live-20251231-00050_report.html
[2025-12-31T21:00:26.708684+00:00]    Confidence: 64%
[2025-12-31T21:00:27.709569+00:00] 📋 Processing job: live-20251231-00051
[2025-12-31T21:03:02.785550+00:00] ✅ Job live-20251231-00051 completed in 155075ms
[2025-12-31T21:03:02.785631+00:00]    Report: live-20251231-00051_report.html
[2025-12-31T21:03:02.785668+00:00]    Confidence: 70%
[2025-12-31T21:03:03.786943+00:00] 📋 Processing job: live-20251231-00052
[2025-12-31T21:05:29.817595+00:00] ✅ Job live-20251231-00052 completed in 146029ms
[2025-12-31T21:05:29.817693+00:00]    Report: live-20251231-00052_report.html
[2025-12-31T21:05:29.817747+00:00]    Confidence: 62%
[2025-12-31T21:05:30.818999+00:00] 📋 Processing job: live-20251231-00053
[2025-12-31T21:07:30.461908+00:00] ✅ Job live-20251231-00053 completed in 119642ms
[2025-12-31T21:07:30.462005+00:00]    Report: live-20251231-00053_report.html
[2025-12-31T21:07:30.462055+00:00]    Confidence: 70%
[2025-12-31T21:07:31.463319+00:00] 📋 Processing job: live-20251231-00054
[2025-12-31T21:09:17.585316+00:00] ✅ Job live-20251231-00054 completed in 106121ms
[2025-12-31T21:09:17.585348+00:00]    Report: live-20251231-00054_report.html
[2025-12-31T21:09:17.585364+00:00]    Confidence: 65%
[2025-12-31T21:09:18.585507+00:00] 📋 Processing job: live-20251231-00055
[2025-12-31T21:11:20.565821+00:00] ✅ Job live-20251231-00055 completed in 121979ms
[2025-12-31T21:11:20.565923+00:00]    Report: live-20251231-00055_report.html
[2025-12-31T21:11:20.565976+00:00]    Confidence: 64%
[2025-12-31T21:11:21.567169+00:00] Session duration (2h) reached. Completing...
